<?xml version="1.0" encoding="UTF-8"?>
<!-- Generated by org.testng.reporters.JUnitXMLReporter -->
<testsuite ignored="0" hostname="DESKTOP-UMG1TUF" failures="0" tests="3" name="Methods" time="0.08" errors="0" timestamp="2022-05-05T13:06:06 IST">
  <testcase classname="testngdisscusion.ParallelExecution" name="dashboard" time="0.01"/>
  <testcase classname="testngdisscusion.ParallelExecution" name="login" time="0.001"/>
  <testcase classname="testngdisscusion.ParallelExecution" name="logout" time="0.003"/>
</testsuite> <!-- Methods -->
