<?xml version="1.0" encoding="UTF-8"?>
<!-- Generated by org.testng.reporters.JUnitXMLReporter -->
<testsuite ignored="0" hostname="DESKTOP-UMG1TUF" failures="1" tests="2" name="Test" time="22.522" errors="0" timestamp="2022-05-12T10:45:10 IST">
  <testcase classname="testngdisscusion.ParamitarizationOfTestCase" name="navToApp" time="15.845"/>
  <testcase classname="testngdisscusion.ParamitarizationOfTestCase" name="loginToApp" time="6.588">
    <failure type="java.lang.AssertionError" message="expected [false] but found [true]">
      <![CDATA[java.lang.AssertionError: expected [false] but found [true]
at testngdisscusion.ParamitarizationOfTestCase.loginToApp(ParamitarizationOfTestCase.java:40)
at java.base/java.util.ArrayList.forEach(ArrayList.java:1511)
... Removed 33 stack frames]]>
    </failure>
  </testcase> <!-- loginToApp -->
</testsuite> <!-- Test -->
