<?xml version="1.0" encoding="UTF-8"?>
<!-- Generated by org.testng.reporters.JUnitXMLReporter -->
<testsuite ignored="1" hostname="DESKTOP-UMG1TUF" failures="0" tests="2" name="test set 1" time="0.047" errors="0" timestamp="2022-05-05T17:00:44 IST">
  <testcase classname="testngdisscusion.ParallelTestClassExcution1" name="dashboard" time="0.008"/>
  <testcase classname="testngdisscusion.ParallelTestClassExcution1" name="profile" time="0.001"/>
  <testcase classname="testngdisscusion.ParallelTestClassExcution1" name="login" time="0.0">
    <ignored/>
  </testcase> <!-- login -->
</testsuite> <!-- test set 1 -->
