<?xml version="1.0" encoding="UTF-8"?>
<!-- Generated by org.testng.reporters.JUnitXMLReporter -->
<testsuite ignored="0" hostname="DESKTOP-UMG1TUF" failures="0" tests="5" name="Morning test tag" time="0.072" errors="0" timestamp="2022-07-07T10:28:58 IST">
  <testcase classname="testngdisscusion.TestClassTwo" name="dashboard" time="0.006"/>
  <testcase classname="testngdisscusion.TestClassTwo" name="login" time="0.001"/>
  <testcase classname="testngdisscusion.TestClassTwo" name="logout" time="0.001"/>
  <testcase classname="testngdisscusion.TestClassOne" name="testCase1" time="0.001"/>
  <testcase classname="testngdisscusion.TestClassOne" name="testCase2" time="0.001"/>
</testsuite> <!-- Morning test tag -->
