<?xml version="1.0" encoding="UTF-8"?>
<!-- Generated by org.testng.reporters.JUnitXMLReporter -->
<testsuite ignored="0" hostname="DESKTOP-UMG1TUF" failures="1" tests="2" name="listener test" time="9.451" errors="0" timestamp="2022-05-05T11:32:53 IST">
  <testcase classname="testngdisscusion.KiteLogIn" name="navToApp" time="5.887"/>
  <testcase classname="testngdisscusion.KiteLogIn" name="loginToApp" time="3.068">
    <failure type="java.lang.AssertionError" message="expected [false] but found [true]">
      <![CDATA[java.lang.AssertionError: expected [false] but found [true]
at testngdisscusion.KiteLogIn.loginToApp(KiteLogIn.java:38)
at java.base/java.util.ArrayList.forEach(ArrayList.java:1511)
... Removed 33 stack frames]]>
    </failure>
  </testcase> <!-- loginToApp -->
</testsuite> <!-- listener test -->
