<?xml version="1.0" encoding="UTF-8"?>
<testng-results ignored="0" total="5" passed="5" failed="0" skipped="0">
  <reporter-output>
  </reporter-output>
  <suite started-at="2022-07-07T10:28:58 IST" name="Suite 15th jan project" finished-at="2022-07-07T10:28:58 IST" duration-ms="72">
    <groups>
    </groups>
    <test started-at="2022-07-07T10:28:58 IST" name="Morning test tag" finished-at="2022-07-07T10:28:58 IST" duration-ms="72">
      <class name="testngdisscusion.TestClassOne">
        <test-method signature="testCase1()[pri:0, instance:testngdisscusion.TestClassOne@1c7696c6]" started-at="2022-07-07T10:28:58 IST" name="testCase1" finished-at="2022-07-07T10:28:58 IST" duration-ms="1" status="PASS">
          <reporter-output>
          </reporter-output>
        </test-method> <!-- testCase1 -->
        <test-method signature="testCase2()[pri:0, instance:testngdisscusion.TestClassOne@1c7696c6]" started-at="2022-07-07T10:28:58 IST" name="testCase2" finished-at="2022-07-07T10:28:58 IST" duration-ms="1" status="PASS">
          <reporter-output>
          </reporter-output>
        </test-method> <!-- testCase2 -->
      </class> <!-- testngdisscusion.TestClassOne -->
      <class name="testngdisscusion.TestClassTwo">
        <test-method is-config="true" signature="bt()[pri:0, instance:testngdisscusion.TestClassTwo@e350b40]" started-at="2022-07-07T10:28:58 IST" name="bt" finished-at="2022-07-07T10:28:58 IST" duration-ms="10" status="PASS">
          <reporter-output>
          </reporter-output>
        </test-method> <!-- bt -->
        <test-method signature="dashboard()[pri:0, instance:testngdisscusion.TestClassTwo@e350b40]" started-at="2022-07-07T10:28:58 IST" name="dashboard" finished-at="2022-07-07T10:28:58 IST" duration-ms="6" status="PASS">
          <reporter-output>
          </reporter-output>
        </test-method> <!-- dashboard -->
        <test-method signature="login()[pri:0, instance:testngdisscusion.TestClassTwo@e350b40]" started-at="2022-07-07T10:28:58 IST" name="login" finished-at="2022-07-07T10:28:58 IST" duration-ms="1" status="PASS">
          <reporter-output>
          </reporter-output>
        </test-method> <!-- login -->
        <test-method signature="logout()[pri:0, instance:testngdisscusion.TestClassTwo@e350b40]" started-at="2022-07-07T10:28:58 IST" name="logout" finished-at="2022-07-07T10:28:58 IST" duration-ms="1" status="PASS">
          <reporter-output>
          </reporter-output>
        </test-method> <!-- logout -->
        <test-method is-config="true" signature="at()[pri:0, instance:testngdisscusion.TestClassTwo@e350b40]" started-at="2022-07-07T10:28:58 IST" name="at" finished-at="2022-07-07T10:28:58 IST" duration-ms="0" status="PASS">
          <reporter-output>
          </reporter-output>
        </test-method> <!-- at -->
      </class> <!-- testngdisscusion.TestClassTwo -->
    </test> <!-- Morning test tag -->
  </suite> <!-- Suite 15th jan project -->
</testng-results>
